17:13:09: Creating resource group General
17:13:09: Creating resource group Internal
17:13:09: Creating resource group Autodetect
17:13:09: SceneManagerFactory for type 'DefaultSceneManager' registered.
17:13:09: Registering ResourceManager for type Material
17:13:09: Registering ResourceManager for type Mesh
17:13:09: Registering ResourceManager for type Skeleton
17:13:09: MovableObjectFactory for type 'ParticleSystem' registered.
17:13:09: OverlayElementFactory for type Panel registered.
17:13:09: OverlayElementFactory for type BorderPanel registered.
17:13:09: OverlayElementFactory for type TextArea registered.
17:13:09: Registering ResourceManager for type Font
17:13:09: ArchiveFactory for archive type FileSystem registered.
17:13:09: ArchiveFactory for archive type Zip registered.
17:13:09: DDS codec registering
17:13:09: FreeImage version: 3.13.1
17:13:09: This program uses FreeImage, a free, open source image library supporting all common bitmap formats. See http://freeimage.sourceforge.net for details
17:13:09: Supported formats: bmp,ico,jpg,jif,jpeg,jpe,jng,koa,iff,lbm,mng,pbm,pbm,pcd,pcx,pgm,pgm,png,ppm,ppm,ras,tga,targa,tif,tiff,wap,wbmp,wbm,psd,cut,xbm,xpm,gif,hdr,g3,sgi,exr,j2k,j2c,jp2,pfm,pct,pict,pic,bay,bmq,cr2,crw,cs1,dc2,dcr,dng,erf,fff,hdr,k25,kdc,mdc,mos,mrw,nef,orf,pef,pxn,raf,raw,rdc,sr2,srf,arw,3fr,cine,ia,kc2,mef,nrw,qtk,rw2,sti,drf,dsc,ptx,cap,iiq,rwz
17:13:09: PVRTC codec registering
17:13:09: Registering ResourceManager for type HighLevelGpuProgram
17:13:09: Registering ResourceManager for type Compositor
17:13:09: MovableObjectFactory for type 'Entity' registered.
17:13:09: MovableObjectFactory for type 'Light' registered.
17:13:09: MovableObjectFactory for type 'BillboardSet' registered.
17:13:09: MovableObjectFactory for type 'ManualObject' registered.
17:13:09: MovableObjectFactory for type 'BillboardChain' registered.
17:13:09: MovableObjectFactory for type 'RibbonTrail' registered.
17:13:09: Loading library .\RenderSystem_Direct3D9
17:13:09: Installing plugin: D3D9 RenderSystem
17:13:09: D3D9 : Direct3D9 Rendering Subsystem created.
17:13:09: D3D9: Driver Detection Starts
17:13:09: D3D9: Driver Detection Ends
17:13:09: Plugin successfully installed
17:13:09: Loading library .\RenderSystem_GL
17:13:09: Installing plugin: GL RenderSystem
17:13:09: OpenGL Rendering Subsystem created.
17:13:09: Plugin successfully installed
17:13:09: Loading library .\Plugin_ParticleFX
17:13:09: Installing plugin: ParticleFX
17:13:09: Particle Emitter Type 'Point' registered
17:13:09: Particle Emitter Type 'Box' registered
17:13:09: Particle Emitter Type 'Ellipsoid' registered
17:13:09: Particle Emitter Type 'Cylinder' registered
17:13:09: Particle Emitter Type 'Ring' registered
17:13:09: Particle Emitter Type 'HollowEllipsoid' registered
17:13:09: Particle Affector Type 'LinearForce' registered
17:13:09: Particle Affector Type 'ColourFader' registered
17:13:09: Particle Affector Type 'ColourFader2' registered
17:13:09: Particle Affector Type 'ColourImage' registered
17:13:09: Particle Affector Type 'ColourInterpolator' registered
17:13:09: Particle Affector Type 'Scaler' registered
17:13:09: Particle Affector Type 'Rotator' registered
17:13:09: Particle Affector Type 'DirectionRandomiser' registered
17:13:09: Particle Affector Type 'DeflectorPlane' registered
17:13:09: Plugin successfully installed
17:13:09: Loading library .\Plugin_BSPSceneManager
17:13:09: Installing plugin: BSP Scene Manager
17:13:09: Plugin successfully installed
17:13:09: Loading library .\Plugin_OctreeSceneManager
17:13:09: Installing plugin: Octree & Terrain Scene Manager
17:13:09: Plugin successfully installed
17:13:09: Loading library .\Plugin_CgProgramManager
17:13:09: Installing plugin: Cg Program Manager
17:13:09: Plugin successfully installed
17:13:09: *-*-* OGRE Initialising
17:13:09: *-*-* Version 1.7.1 (Cthugha)
17:13:09: Creating resource group Bootstrap
17:13:09: Added resource location 'C:/MogreSDK/Media/packs/OgreCore.zip' of type 'Zip' to resource group 'Bootstrap'
17:13:09: Added resource location 'C:/MogreSDK/Media' of type 'FileSystem' to resource group 'General'
17:13:09: Added resource location 'C:/MogreSDK/Media/fonts' of type 'FileSystem' to resource group 'General'
17:13:09: Added resource location 'C:/MogreSDK/Media/materials/programs' of type 'FileSystem' to resource group 'General'
17:13:09: Added resource location 'C:/MogreSDK//Media/materials/scripts' of type 'FileSystem' to resource group 'General'
17:13:09: Added resource location 'C:/MogreSDK//Media/materials/textures' of type 'FileSystem' to resource group 'General'
17:13:09: Added resource location 'C:/MogreSDK//Media/models' of type 'FileSystem' to resource group 'General'
17:13:09: Added resource location 'C:/MogreSDK//Media/overlays' of type 'FileSystem' to resource group 'General'
17:13:09: Added resource location 'C:/MogreSDK//Media/particle' of type 'FileSystem' to resource group 'General'
17:13:09: Added resource location 'C:/MogreSDK//Media/gui' of type 'FileSystem' to resource group 'General'
17:13:09: Added resource location 'C:/MogreSDK//Media/DeferredShadingMedia' of type 'FileSystem' to resource group 'General'
17:13:09: Added resource location 'C:/MogreSDK//Media/packs/cubemap.zip' of type 'Zip' to resource group 'General'
17:13:09: Added resource location 'C:/MogreSDK//Media/packs/cubemapsJS.zip' of type 'Zip' to resource group 'General'
17:13:09: Added resource location 'C:/MogreSDK//Media/packs/dragon.zip' of type 'Zip' to resource group 'General'
17:13:09: Added resource location 'C:/MogreSDK//Media/packs/fresneldemo.zip' of type 'Zip' to resource group 'General'
17:13:09: Added resource location 'C:/MogreSDK//Media/packs/ogretestmap.zip' of type 'Zip' to resource group 'General'
17:13:09: Added resource location 'C:/MogreSDK//Media/packs/skybox.zip' of type 'Zip' to resource group 'General'
17:13:09: D3D9 : RenderSystem Option: Full Screen = No
17:13:09: D3D9 : RenderSystem Option: Video Mode = 800 x 600 @ 32-bit colour
17:13:09: CPU Identifier & Features
17:13:09: -------------------------
17:13:09:  *   CPU ID: GenuineIntel: Intel(R) Core(TM) i7-4510U CPU @ 2.00GHz
17:13:09:  *      SSE: yes
17:13:09:  *     SSE2: yes
17:13:09:  *     SSE3: yes
17:13:09:  *      MMX: yes
17:13:09:  *   MMXEXT: yes
17:13:09:  *    3DNOW: no
17:13:09:  * 3DNOWEXT: no
17:13:09:  *     CMOV: yes
17:13:09:  *      TSC: yes
17:13:09:  *      FPU: yes
17:13:09:  *      PRO: yes
17:13:09:  *       HT: no
17:13:09: -------------------------
17:13:09: D3D9 : Subsystem Initialising
17:13:09: Registering ResourceManager for type Texture
17:13:09: Registering ResourceManager for type GpuProgram
17:13:09: ***************************************
17:13:09: *** D3D9 : Subsystem Initialised OK ***
17:13:09: ***************************************
17:13:09: D3D9RenderSystem::_createRenderWindow "Autumn main RenderWindow", 1200x800 windowed  miscParams: externalWindowHandle=14289076 
17:13:09: D3D9 : Created D3D9 Rendering Window 'Autumn main RenderWindow' : 864x608, 32bpp
17:13:09: D3D9 : WARNING - disabling VSync in windowed mode can cause timing issues at lower frame rates, turn VSync on if you observe this problem.
17:13:09: D3D9: Vertex texture format supported - PF_L8
17:13:09: D3D9: Vertex texture format supported - PF_L16
17:13:09: D3D9: Vertex texture format supported - PF_A8
17:13:09: D3D9: Vertex texture format supported - PF_A4L4
17:13:09: D3D9: Vertex texture format supported - PF_BYTE_LA
17:13:09: D3D9: Vertex texture format supported - PF_R5G6B5
17:13:09: D3D9: Vertex texture format supported - PF_B5G6R5
17:13:09: D3D9: Vertex texture format supported - PF_A4R4G4B4
17:13:09: D3D9: Vertex texture format supported - PF_A1R5G5B5
17:13:09: D3D9: Vertex texture format supported - PF_A8R8G8B8
17:13:09: D3D9: Vertex texture format supported - PF_B8G8R8A8
17:13:09: D3D9: Vertex texture format supported - PF_A2R10G10B10
17:13:09: D3D9: Vertex texture format supported - PF_A2B10G10R10
17:13:09: D3D9: Vertex texture format supported - PF_DXT1
17:13:09: D3D9: Vertex texture format supported - PF_DXT2
17:13:09: D3D9: Vertex texture format supported - PF_DXT3
17:13:09: D3D9: Vertex texture format supported - PF_DXT4
17:13:09: D3D9: Vertex texture format supported - PF_DXT5
17:13:09: D3D9: Vertex texture format supported - PF_FLOAT16_RGB
17:13:09: D3D9: Vertex texture format supported - PF_FLOAT16_RGBA
17:13:09: D3D9: Vertex texture format supported - PF_FLOAT32_RGB
17:13:09: D3D9: Vertex texture format supported - PF_FLOAT32_RGBA
17:13:09: D3D9: Vertex texture format supported - PF_X8R8G8B8
17:13:09: D3D9: Vertex texture format supported - PF_R8G8B8A8
17:13:09: D3D9: Vertex texture format supported - PF_DEPTH
17:13:09: D3D9: Vertex texture format supported - PF_SHORT_RGBA
17:13:09: D3D9: Vertex texture format supported - PF_FLOAT16_R
17:13:09: D3D9: Vertex texture format supported - PF_FLOAT32_R
17:13:09: D3D9: Vertex texture format supported - PF_SHORT_GR
17:13:09: D3D9: Vertex texture format supported - PF_FLOAT16_GR
17:13:09: D3D9: Vertex texture format supported - PF_FLOAT32_GR
17:13:09: D3D9: Vertex texture format supported - PF_SHORT_RGB
17:13:09: D3D9: Vertex texture format supported - PF_PVRTC_RGB2
17:13:09: D3D9: Vertex texture format supported - PF_PVRTC_RGBA2
17:13:09: D3D9: Vertex texture format supported - PF_PVRTC_RGB4
17:13:09: D3D9: Vertex texture format supported - PF_PVRTC_RGBA4
17:13:09: RenderSystem capabilities
17:13:09: -------------------------
17:13:09: RenderSystem Name: Direct3D9 Rendering Subsystem
17:13:09: GPU Vendor: intel
17:13:09: Device Name: Monitor-1-Intel(R) HD Graphics Family
17:13:09: Driver Version: 10.18.10.3910
17:13:09:  * Fixed function pipeline: yes
17:13:09:  * Hardware generation of mipmaps: yes
17:13:09:  * Texture blending: yes
17:13:09:  * Anisotropic texture filtering: yes
17:13:09:  * Dot product texture operation: yes
17:13:09:  * Cube mapping: yes
17:13:09:  * Hardware stencil buffer: yes
17:13:09:    - Stencil depth: 8
17:13:09:    - Two sided stencil support: yes
17:13:09:    - Wrap stencil values: yes
17:13:09:  * Hardware vertex / index buffers: yes
17:13:09:  * Vertex programs: yes
17:13:09:  * Number of floating-point constants for vertex programs: 256
17:13:09:  * Number of integer constants for vertex programs: 16
17:13:09:  * Number of boolean constants for vertex programs: 16
17:13:09:  * Fragment programs: yes
17:13:09:  * Number of floating-point constants for fragment programs: 224
17:13:09:  * Number of integer constants for fragment programs: 16
17:13:09:  * Number of boolean constants for fragment programs: 16
17:13:09:  * Geometry programs: no
17:13:09:  * Number of floating-point constants for geometry programs: 0
17:13:09:  * Number of integer constants for geometry programs: 0
17:13:09:  * Number of boolean constants for geometry programs: 0
17:13:09:  * Supported Shader Profiles: hlsl ps_1_1 ps_1_2 ps_1_3 ps_1_4 ps_2_0 ps_2_a ps_2_b ps_2_x ps_3_0 vs_1_1 vs_2_0 vs_2_a vs_2_x vs_3_0
17:13:09:  * Texture Compression: yes
17:13:09:    - DXT: yes
17:13:09:    - VTC: no
17:13:09:    - PVRTC: no
17:13:09:  * Scissor Rectangle: yes
17:13:09:  * Hardware Occlusion Query: yes
17:13:09:  * User clip planes: yes
17:13:09:  * VET_UBYTE4 vertex element type: yes
17:13:09:  * Infinite far plane projection: yes
17:13:09:  * Hardware render-to-texture: yes
17:13:09:  * Floating point textures: yes
17:13:09:  * Non-power-of-two textures: yes
17:13:09:  * Volume textures: yes
17:13:09:  * Multiple Render Targets: 4
17:13:09:    - With different bit depths: yes
17:13:09:  * Point Sprites: yes
17:13:09:  * Extended point parameters: yes
17:13:09:  * Max Point Size: 10
17:13:09:  * Vertex texture fetch: yes
17:13:09:  * Number of world matrices: 0
17:13:09:  * Number of texture units: 8
17:13:09:  * Stencil buffer depth: 8
17:13:09:  * Number of vertex blend matrices: 0
17:13:09:    - Max vertex textures: 4
17:13:09:    - Vertex textures shared: no
17:13:09:  * Render to Vertex Buffer : no
17:13:09:  * DirectX per stage constants: yes
17:13:09: DefaultWorkQueue('Root') initialising on thread main.
17:13:09: Particle Renderer Type 'billboard' registered
17:13:09: SceneManagerFactory for type 'BspSceneManager' registered.
17:13:09: Registering ResourceManager for type BspLevel
17:13:09: SceneManagerFactory for type 'OctreeSceneManager' registered.
17:13:09: SceneManagerFactory for type 'TerrainSceneManager' registered.
17:13:09: Parsing scripts for resource group Autodetect
17:13:09: Finished parsing scripts for resource group Autodetect
17:13:09: Parsing scripts for resource group Bootstrap
17:13:09: Parsing script OgreCore.material
17:13:09: Parsing script OgreProfiler.material
17:13:09: Parsing script Ogre.fontdef
17:13:09: Parsing script OgreDebugPanel.overlay
17:13:09: Texture: New_Ogre_Border_Center.png: Loading 1 faces(PF_A8R8G8B8,256x128x1) with  hardware generated mipmaps from Image. Internal format is PF_A8R8G8B8,256x128x1.
17:13:09: Texture: New_Ogre_Border.png: Loading 1 faces(PF_A8R8G8B8,256x256x1) with  hardware generated mipmaps from Image. Internal format is PF_A8R8G8B8,256x256x1.
17:13:09: Texture: New_Ogre_Border_Break.png: Loading 1 faces(PF_A8R8G8B8,32x32x1) with  hardware generated mipmaps from Image. Internal format is PF_A8R8G8B8,32x32x1.
17:13:09: Texture: ogretext.png: Loading 1 faces(PF_A8R8G8B8,256x128x1) with  hardware generated mipmaps from Image. Internal format is PF_A8R8G8B8,256x128x1.
17:13:09: Parsing script OgreLoadingPanel.overlay
17:13:09: Finished parsing scripts for resource group Bootstrap
17:13:09: Parsing scripts for resource group General
17:13:09: Parsing script Examples.program
17:13:09: Parsing script StdQuad_vp.program
17:13:09: Parsing script deferred.glsl.program
17:13:09: Parsing script deferred.hlsl.program
17:13:09: Parsing script deferred_post_debug.glsl.program
17:13:09: Parsing script deferred_post_debug.hlsl.program
17:13:09: Parsing script deferred_post_minilight.glsl.program
17:13:09: Parsing script deferred_post_minilight.hlsl.program
17:13:09: OGRE EXCEPTION(2:InvalidParametersException): Parameter called lightSpecularColor does not exist.  in GpuProgramParameters::_findNamedConstantDefinition at ..\..\ogre\OgreMain\src\OgreGpuProgramParams.cpp (line 1433)
17:13:09: Compiler error: invalid parameters in deferred_post_minilight.hlsl.program(26): setting of constant failed
17:13:09: Parsing script deferred_post_multipass.glsl.program
17:13:09: Parsing script deferred_post_multipass.hlsl.program
17:13:09: Parsing script deferred_post_onepass.glsl.program
17:13:09: Parsing script deferred_post_onepass.hlsl.program
17:13:09: Parsing script BlackAndWhite.material
17:13:09: Parsing script Bloom.material
17:13:09: Parsing script DepthShadowmap.material
17:13:09: Parsing script DOF.material
17:13:09: Compiler error: object name expected in DOF.material(55)
17:13:09: Parsing script Embossed.material
17:13:09: Parsing script Example-DynTex.material
17:13:09: Parsing script Example-Water.material
17:13:09: Parsing script Example.material
17:13:09: Parsing script Examples-Advanced.material
17:13:09: Compiler error: number expected in Examples-Advanced.material(679): incorrect float constant declaration
17:13:09: Parsing script facial.material
17:13:09: Parsing script Glass.material
17:13:09: Parsing script hdr.material
17:13:09: Parsing script HeatVision.material
17:13:09: Parsing script Hurt.material
17:13:09: Parsing script instancing.material
17:13:09: Parsing script Invert.material
17:13:09: Parsing script Laplace.material
17:13:09: Parsing script MotionBlur.material
17:13:09: Parsing script Ocean.material
17:13:09: Parsing script OffsetMapping.material
17:13:09: Parsing script Ogre.material
17:13:09: Parsing script OgreNewt_Example.material
17:13:09: Parsing script OldMovie.material
17:13:09: Parsing script OldTV.material
17:13:10: Parsing script Posterize.material
17:13:10: Parsing script RZR-002.material
17:13:10: Parsing script SharpenEdges.material
17:13:10: Parsing script smoke.material
17:13:10: Parsing script Tiling.material
17:13:10: Parsing script VarianceShadowmap.material
17:13:10: Parsing script deferred.material
17:13:10: Parsing script deferreddemo.material
17:13:10: Compiler error: unknown error in deferreddemo.material(22): base object named "DeferredShading/Material/TexturedPhong" not found in script definition
17:13:10: Compiler error: unknown error in deferreddemo.material(47): base object named "DeferredShading/Material/TexturedNormalMapped" not found in script definition
17:13:10: Compiler error: unknown error in deferreddemo.material(81): base object named "DeferredShading/Material/UntexturedNormalMapped" not found in script definition
17:13:10: Compiler error: unknown error in deferreddemo.material(114): base object named "DeferredShading/Material/TexturedPhong" not found in script definition
17:13:10: Compiler error: unknown error in deferreddemo.material(141): base object named "DeferredShading/Material/UntexturedPhong" not found in script definition
17:13:10: Compiler error: unknown error in deferreddemo.material(166): base object named "DeferredShading/Material/TexturedPhong" not found in script definition
17:13:10: Compiler error: unknown error in deferreddemo.material(197): base object named "DeferredShading/Material/TexturedPhong" not found in script definition
17:13:10: Compiler error: object name expected in deferreddemo.material(91)
17:13:10: Compiler error: object name expected in deferreddemo.material(105)
17:13:10: Compiler error: object name expected in deferreddemo.material(147)
17:13:10: Compiler error: object name expected in deferreddemo.material(158)
17:13:10: Compiler error: object name expected in deferreddemo.material(172)
17:13:10: Compiler error: object name expected in deferreddemo.material(186)
17:13:10: Compiler error: object name expected in deferreddemo.material(203)
17:13:10: Compiler error: object name expected in deferreddemo.material(217)
17:13:10: Parsing script deferred_post_debug.material
17:13:10: Parsing script deferred_post_minilight.material
17:13:10: Parsing script deferred_post_multipass.material
17:13:10: Parsing script deferred_post_onepass.material
17:13:10: Parsing script RomanBath.material
17:13:10: Parsing script emitted_emitter.particle
17:13:10: Parsing script Example-Water.particle
17:13:10: Parsing script Example.particle
17:13:10: Parsing script smoke.particle
17:13:10: Parsing script Examples.compositor
17:13:10: Parsing script sample.fontdef
17:13:10: Parsing script Compositor.overlay
17:13:10: Parsing script DP3.overlay
17:13:10: Parsing script Example-CubeMapping.overlay
17:13:10: Parsing script Example-DynTex.overlay
17:13:10: Parsing script Example-Water.overlay
17:13:10: Parsing script Shadows.overlay
17:13:10: Finished parsing scripts for resource group General
17:13:10: Parsing scripts for resource group Internal
17:13:10: Finished parsing scripts for resource group Internal
17:13:10: TerrainSceneManager: Registered a new PageSource for type Heightmap
17:13:10: Texture: clouds.jpg: Loading 1 faces(PF_R8G8B8,256x256x1) with  hardware generated mipmaps from Image. Internal format is PF_X8R8G8B8,256x256x1.
17:13:10: Texture: rockwall.tga: Loading 1 faces(PF_R8G8B8,256x256x1) with  hardware generated mipmaps from Image. Internal format is PF_X8R8G8B8,256x256x1.
17:13:10: Mesh: Loading robot.mesh.
17:13:10: Skeleton: Loading robot.skeleton
17:13:10: WARNING: robot.mesh is an older format ([MeshSerializer_v1.40]); you should upgrade it as soon as possible using the OgreMeshUpgrade tool.
17:13:10: Texture: r2skin.jpg: Loading 1 faces(PF_R8G8B8,512x512x1) with  hardware generated mipmaps from Image. Internal format is PF_X8R8G8B8,512x512x1.
17:13:10: Mesh: Loading ninja.mesh.
17:13:10: Skeleton: Loading ninja.skeleton
17:13:10: WARNING: ninja.mesh is an older format ([MeshSerializer_v1.40]); you should upgrade it as soon as possible using the OgreMeshUpgrade tool.
17:13:10: Texture: nskingr.jpg: Loading 1 faces(PF_R8G8B8,512x512x1) with  hardware generated mipmaps from Image. Internal format is PF_X8R8G8B8,512x512x1.
17:13:10: *** Initializing OIS ***
17:13:10: *** Initializing OIS ***
17:13:10: Texture: spot_shadow_fade.png: Loading 1 faces(PF_R8G8B8,128x128x1) with  hardware generated mipmaps from Image. Internal format is PF_X8R8G8B8,128x128x1.
